{"/Users/radouane/Documents/Projects/Legrand/Repositories/Features/eliot-poc/jest-poc/src/api.js": {"path":"/Users/radouane/Documents/Projects/Legrand/Repositories/Features/eliot-poc/jest-poc/src/api.js","statementMap":{"0":{"start":{"line":1,"column":16},"end":{"line":1,"column":34}},"1":{"start":{"line":2,"column":13},"end":{"line":2,"column":28}},"2":{"start":{"line":3,"column":15},"end":{"line":3,"column":31}},"3":{"start":{"line":4,"column":14},"end":{"line":4,"column":30}},"4":{"start":{"line":6,"column":0},"end":{"line":14,"column":2}},"5":{"start":{"line":7,"column":4},"end":{"line":13,"column":5}},"6":{"start":{"line":8,"column":23},"end":{"line":8,"column":43}},"7":{"start":{"line":9,"column":8},"end":{"line":9,"column":36}},"8":{"start":{"line":11,"column":8},"end":{"line":11,"column":26}},"9":{"start":{"line":12,"column":8},"end":{"line":12,"column":19}},"10":{"start":{"line":17,"column":4},"end":{"line":17,"column":80}},"11":{"start":{"line":17,"column":71},"end":{"line":17,"column":79}},"12":{"start":{"line":20,"column":0},"end":{"line":20,"column":40}}},"fnMap":{"0":{"name":"(anonymous_0)","decl":{"start":{"line":6,"column":20},"end":{"line":6,"column":21}},"loc":{"start":{"line":6,"column":46},"end":{"line":14,"column":1}},"line":6},"1":{"name":"getPubicAPIs","decl":{"start":{"line":16,"column":15},"end":{"line":16,"column":27}},"loc":{"start":{"line":16,"column":30},"end":{"line":18,"column":1}},"line":16},"2":{"name":"(anonymous_2)","decl":{"start":{"line":17,"column":64},"end":{"line":17,"column":65}},"loc":{"start":{"line":17,"column":71},"end":{"line":17,"column":79}},"line":17}},"branchMap":{},"s":{"0":1,"1":1,"2":1,"3":1,"4":1,"5":0,"6":0,"7":0,"8":0,"9":0,"10":1,"11":1,"12":1},"f":{"0":0,"1":1,"2":1},"b":{},"_coverageSchema":"1a1c01bbd47fc00a2c39e90264f33305004495a9","hash":"c5c58b4b3fbea4591c2449ced8fa058f7ac07dbc"}
,"/Users/radouane/Documents/Projects/Legrand/Repositories/Features/eliot-poc/jest-poc/src/example.error.js": {"path":"/Users/radouane/Documents/Projects/Legrand/Repositories/Features/eliot-poc/jest-poc/src/example.error.js","statementMap":{"0":{"start":{"line":1,"column":12},"end":{"line":6,"column":1}},"1":{"start":{"line":2,"column":4},"end":{"line":4,"column":5}},"2":{"start":{"line":3,"column":8},"end":{"line":3,"column":21}},"3":{"start":{"line":5,"column":4},"end":{"line":5,"column":44}},"4":{"start":{"line":8,"column":17},"end":{"line":13,"column":1}},"5":{"start":{"line":9,"column":4},"end":{"line":11,"column":5}},"6":{"start":{"line":10,"column":8},"end":{"line":10,"column":21}},"7":{"start":{"line":12,"column":4},"end":{"line":12,"column":44}},"8":{"start":{"line":15,"column":17},"end":{"line":20,"column":1}},"9":{"start":{"line":16,"column":4},"end":{"line":18,"column":5}},"10":{"start":{"line":17,"column":8},"end":{"line":17,"column":21}},"11":{"start":{"line":19,"column":4},"end":{"line":19,"column":44}},"12":{"start":{"line":22,"column":0},"end":{"line":26,"column":1}}},"fnMap":{"0":{"name":"(anonymous_0)","decl":{"start":{"line":1,"column":12},"end":{"line":1,"column":13}},"loc":{"start":{"line":1,"column":22},"end":{"line":6,"column":1}},"line":1},"1":{"name":"(anonymous_1)","decl":{"start":{"line":8,"column":17},"end":{"line":8,"column":18}},"loc":{"start":{"line":8,"column":27},"end":{"line":13,"column":1}},"line":8},"2":{"name":"(anonymous_2)","decl":{"start":{"line":15,"column":17},"end":{"line":15,"column":18}},"loc":{"start":{"line":15,"column":27},"end":{"line":20,"column":1}},"line":15}},"branchMap":{"0":{"loc":{"start":{"line":2,"column":4},"end":{"line":4,"column":5}},"type":"if","locations":[{"start":{"line":2,"column":4},"end":{"line":4,"column":5}},{"start":{},"end":{}}],"line":2},"1":{"loc":{"start":{"line":2,"column":8},"end":{"line":2,"column":54}},"type":"binary-expr","locations":[{"start":{"line":2,"column":8},"end":{"line":2,"column":29}},{"start":{"line":2,"column":33},"end":{"line":2,"column":54}}],"line":2},"2":{"loc":{"start":{"line":9,"column":4},"end":{"line":11,"column":5}},"type":"if","locations":[{"start":{"line":9,"column":4},"end":{"line":11,"column":5}},{"start":{},"end":{}}],"line":9},"3":{"loc":{"start":{"line":9,"column":8},"end":{"line":9,"column":54}},"type":"binary-expr","locations":[{"start":{"line":9,"column":8},"end":{"line":9,"column":29}},{"start":{"line":9,"column":33},"end":{"line":9,"column":54}}],"line":9},"4":{"loc":{"start":{"line":16,"column":4},"end":{"line":18,"column":5}},"type":"if","locations":[{"start":{"line":16,"column":4},"end":{"line":18,"column":5}},{"start":{},"end":{}}],"line":16},"5":{"loc":{"start":{"line":16,"column":8},"end":{"line":16,"column":54}},"type":"binary-expr","locations":[{"start":{"line":16,"column":8},"end":{"line":16,"column":29}},{"start":{"line":16,"column":33},"end":{"line":16,"column":54}}],"line":16}},"s":{"0":1,"1":1,"2":0,"3":1,"4":1,"5":1,"6":0,"7":1,"8":1,"9":3,"10":2,"11":1,"12":1},"f":{"0":1,"1":1,"2":3},"b":{"0":[0,1],"1":[1,0],"2":[0,1],"3":[1,0],"4":[2,1],"5":[3,2]},"_coverageSchema":"1a1c01bbd47fc00a2c39e90264f33305004495a9","hash":"aa312e8dfe1f7b04739a17d3189d8ae16a67874b"}
,"/Users/radouane/Documents/Projects/Legrand/Repositories/Features/eliot-poc/jest-poc/src/example.js": {"path":"/Users/radouane/Documents/Projects/Legrand/Repositories/Features/eliot-poc/jest-poc/src/example.js","statementMap":{"0":{"start":{"line":1,"column":12},"end":{"line":3,"column":1}},"1":{"start":{"line":2,"column":4},"end":{"line":2,"column":17}},"2":{"start":{"line":5,"column":17},"end":{"line":7,"column":1}},"3":{"start":{"line":6,"column":4},"end":{"line":6,"column":17}},"4":{"start":{"line":9,"column":17},"end":{"line":11,"column":1}},"5":{"start":{"line":10,"column":4},"end":{"line":10,"column":17}},"6":{"start":{"line":13,"column":0},"end":{"line":17,"column":1}}},"fnMap":{"0":{"name":"(anonymous_0)","decl":{"start":{"line":1,"column":12},"end":{"line":1,"column":13}},"loc":{"start":{"line":1,"column":22},"end":{"line":3,"column":1}},"line":1},"1":{"name":"(anonymous_1)","decl":{"start":{"line":5,"column":17},"end":{"line":5,"column":18}},"loc":{"start":{"line":5,"column":27},"end":{"line":7,"column":1}},"line":5},"2":{"name":"(anonymous_2)","decl":{"start":{"line":9,"column":17},"end":{"line":9,"column":18}},"loc":{"start":{"line":9,"column":27},"end":{"line":11,"column":1}},"line":9}},"branchMap":{},"s":{"0":1,"1":4,"2":1,"3":4,"4":1,"5":5,"6":1},"f":{"0":4,"1":4,"2":5},"b":{},"_coverageSchema":"1a1c01bbd47fc00a2c39e90264f33305004495a9","hash":"e578ef172c1eba4ae60c0297dc0b9877ff144ef8"}
}
