TN:
SF:src/api.js
FN:6,(anonymous_0)
FN:16,getPubicAPIs
FN:17,(anonymous_2)
FNF:3
FNH:2
FNDA:0,(anonymous_0)
FNDA:1,getPubicAPIs
FNDA:1,(anonymous_2)
DA:1,1
DA:2,1
DA:3,1
DA:4,1
DA:6,1
DA:7,0
DA:8,0
DA:9,0
DA:11,0
DA:12,0
DA:17,1
DA:20,1
LF:12
LH:7
BRF:0
BRH:0
end_of_record
TN:
SF:src/example.error.js
FN:1,(anonymous_0)
FN:8,(anonymous_1)
FN:15,(anonymous_2)
FNF:3
FNH:3
FNDA:1,(anonymous_0)
FNDA:1,(anonymous_1)
FNDA:3,(anonymous_2)
DA:1,1
DA:2,1
DA:3,0
DA:5,1
DA:8,1
DA:9,1
DA:10,0
DA:12,1
DA:15,1
DA:16,3
DA:17,2
DA:19,1
DA:22,1
LF:13
LH:11
BRDA:2,0,0,0
BRDA:2,0,1,1
BRDA:2,1,0,1
BRDA:2,1,1,0
BRDA:9,2,0,0
BRDA:9,2,1,1
BRDA:9,3,0,1
BRDA:9,3,1,0
BRDA:16,4,0,2
BRDA:16,4,1,1
BRDA:16,5,0,3
BRDA:16,5,1,2
BRF:12
BRH:8
end_of_record
TN:
SF:src/example.js
FN:1,(anonymous_0)
FN:5,(anonymous_1)
FN:9,(anonymous_2)
FNF:3
FNH:3
FNDA:4,(anonymous_0)
FNDA:4,(anonymous_1)
FNDA:5,(anonymous_2)
DA:1,1
DA:2,4
DA:5,1
DA:6,4
DA:9,1
DA:10,5
DA:13,1
LF:7
LH:7
BRF:0
BRH:0
end_of_record
